Using pre-set license
Built from '2020.3/staging' branch; Version is '2020.3.21f1 (a38c86f6690f) revision 10718342'; Using compiler version '192528614'; Build Type 'Release'
OS: 'Windows 10 Home; OS build 22000.376; Version 2009; 64bit' Language: 'en' Physical Memory: 16310 MB
BatchMode: 1, IsHumanControllingUs: 0, StartBugReporterOnCrash: 0, Is64bit: 1, IsPro: 0

COMMAND LINE ARGUMENTS:
D:\Unity\2020.3.21f1\Editor\Unity.exe
-adb2
-batchMode
-noUpm
-name
AssetImportWorker0
-projectPath
D:/Unity/Unity Projects/TooMuchtoChew2
-logFile
Logs/AssetImportWorker0.log
-srvPort
55461
Successfully changed project path to: D:/Unity/Unity Projects/TooMuchtoChew2
D:/Unity/Unity Projects/TooMuchtoChew2
Using Asset Import Pipeline V2.
Refreshing native plugins compatible for Editor in 47.76 ms, found 3 plugins.
Preloading 0 native plugins for Editor in 0.00 ms.
Initialize engine version: 2020.3.21f1 (a38c86f6690f)
[Subsystems] Discovering subsystems at path D:/Unity/2020.3.21f1/Editor/Data/Resources/UnitySubsystems
[Subsystems] Discovering subsystems at path D:/Unity/Unity Projects/TooMuchtoChew2/Assets
GfxDevice: creating device client; threaded=0
Direct3D:
    Version:  Direct3D 11.0 [level 11.1]
    Renderer: Radeon RX 570 Series (ID=0x67df)
    Vendor:   
    VRAM:     8171 MB
    Driver:   30.0.13025.5005
Initialize mono
Mono path[0] = 'D:/Unity/2020.3.21f1/Editor/Data/Managed'
Mono path[1] = 'D:/Unity/2020.3.21f1/Editor/Data/MonoBleedingEdge/lib/mono/unityjit'
Mono config path = 'D:/Unity/2020.3.21f1/Editor/Data/MonoBleedingEdge/etc'
Using monoOptions --debugger-agent=transport=dt_socket,embedding=1,server=y,suspend=n,address=127.0.0.1:56172
Begin MonoManager ReloadAssembly
Registering precompiled unity dll's ...
Register platform support module: D:/Unity/2020.3.21f1/Editor/Data/PlaybackEngines/WindowsStandaloneSupport/UnityEditor.WindowsStandalone.Extensions.dll
Registered in 0.000901 seconds.
Native extension for WindowsStandalone target not found
Refreshing native plugins compatible for Editor in 49.20 ms, found 3 plugins.
Preloading 0 native plugins for Editor in 0.00 ms.
Mono: successfully reloaded assembly
- Completed reload, in  1.202 seconds
Domain Reload Profiling:
	ReloadAssembly (1202ms)
		BeginReloadAssembly (63ms)
			ExecutionOrderSort (0ms)
			DisableScriptedObjects (0ms)
			BackupInstance (0ms)
			ReleaseScriptingObjects (0ms)
			CreateAndSetChildDomain (1ms)
		EndReloadAssembly (448ms)
			LoadAssemblies (63ms)
			RebuildTransferFunctionScriptingTraits (0ms)
			SetupTypeCache (151ms)
			ReleaseScriptCaches (0ms)
			RebuildScriptCaches (29ms)
			SetupLoadedEditorAssemblies (175ms)
				LogAssemblyErrors (0ms)
				InitializePlatformSupportModulesInManaged (5ms)
				SetLoadedEditorAssemblies (0ms)
				RefreshPlugins (49ms)
				BeforeProcessingInitializeOnLoad (12ms)
				ProcessInitializeOnLoadAttributes (81ms)
				ProcessInitializeOnLoadMethodAttributes (27ms)
				AfterProcessingInitializeOnLoad (0ms)
				EditorAssembliesLoaded (0ms)
			ExecutionOrderSort2 (0ms)
			AwakeInstancesAfterBackupRestoration (0ms)
Platform modules already initialized, skipping
Registering precompiled user dll's ...
Registered in 0.003913 seconds.
Begin MonoManager ReloadAssembly
Native extension for WindowsStandalone target not found
Refreshing native plugins compatible for Editor in 45.15 ms, found 3 plugins.
Preloading 0 native plugins for Editor in 0.00 ms.
Mono: successfully reloaded assembly
- Completed reload, in  1.113 seconds
Domain Reload Profiling:
	ReloadAssembly (1114ms)
		BeginReloadAssembly (149ms)
			ExecutionOrderSort (0ms)
			DisableScriptedObjects (5ms)
			BackupInstance (0ms)
			ReleaseScriptingObjects (0ms)
			CreateAndSetChildDomain (17ms)
		EndReloadAssembly (902ms)
			LoadAssemblies (110ms)
			RebuildTransferFunctionScriptingTraits (0ms)
			SetupTypeCache (307ms)
			ReleaseScriptCaches (0ms)
			RebuildScriptCaches (46ms)
			SetupLoadedEditorAssemblies (332ms)
				LogAssemblyErrors (0ms)
				InitializePlatformSupportModulesInManaged (3ms)
				SetLoadedEditorAssemblies (0ms)
				RefreshPlugins (45ms)
				BeforeProcessingInitializeOnLoad (64ms)
				ProcessInitializeOnLoadAttributes (199ms)
				ProcessInitializeOnLoadMethodAttributes (17ms)
				AfterProcessingInitializeOnLoad (2ms)
				EditorAssembliesLoaded (0ms)
			ExecutionOrderSort2 (0ms)
			AwakeInstancesAfterBackupRestoration (7ms)
Platform modules already initialized, skipping
========================================================================
Worker process is ready to serve import requests
Launched and connected shader compiler UnityShaderCompiler.exe after 0.06 seconds
Refreshing native plugins compatible for Editor in 0.67 ms, found 3 plugins.
Preloading 0 native plugins for Editor in 0.00 ms.
Unloading 2246 Unused Serialized files (Serialized files now loaded: 0)
System memory in use before: 99.0 MB.
System memory in use after: 99.1 MB.

Unloading 28 unused Assets to reduce memory usage. Loaded Objects now: 2680.
Total: 3.135500 ms (FindLiveObjects: 0.210000 ms CreateObjectMapping: 0.049500 ms MarkObjects: 2.805300 ms  DeleteObjects: 0.069700 ms)

AssetImportParameters requested are different than current active one (requested -> active):
  custom:framework-win-MediaFoundation: 216162199b28c13a410421893ffa2e32 -> 
  custom:video-decoder-ogg-theora: a1e56fd34408186e4bbccfd4996cb3dc -> 
  custom:container-muxer-webm: aa71ff27fc2769a1b78a27578f13a17b -> 
  custom:container-demuxer-webm: 4f35f7cbe854078d1ac9338744f61a02 -> 
  custom:container-demuxer-ogg: 62fdf1f143b41e24485cea50d1cbac27 -> 
  custom:video-encoder-webm-vp8: eb34c28f22e8b96e1ab97ce403110664 -> 
  custom:video-decoder-webm-vp8: 9c59270c3fd7afecdb556c50c9e8de78 -> 
  custom:audio-decoder-ogg-vorbis: bf7c407c2cedff20999df2af8eb42d56 -> 
  custom:audio-encoder-webm-vorbis: bf7c407c2cedff20999df2af8eb42d56 -> 
========================================================================
Received Import Request.
  path: Assets/Enemy
  artifactKey: Guid(adf51b9bcdb4a2f4281c225417770d2d) Importer(815301076,1909f56bfc062723c751e8b465ee728b)
Start importing Assets/Enemy using Guid(adf51b9bcdb4a2f4281c225417770d2d) Importer(815301076,1909f56bfc062723c751e8b465ee728b)  -> (artifact id: 'acdc9cf4ff0609bd84f5c9048b4b30c7') in 0.011967 seconds 
  Import took 0.016265 seconds .

========================================================================
Received Import Request.
  Time since last request: 0.000240 seconds.
  path: Assets/Enemy/Square.png
  artifactKey: Guid(03ef2e8a617228e4999a8726e4d853c5) Importer(815301076,1909f56bfc062723c751e8b465ee728b)
Start importing Assets/Enemy/Square.png using Guid(03ef2e8a617228e4999a8726e4d853c5) Importer(815301076,1909f56bfc062723c751e8b465ee728b)  -> (artifact id: '5c586055ecc5eeaa77ef9017708ddd3e') in 0.091584 seconds 
  Import took 0.096724 seconds .

========================================================================
Received Import Request.
  Time since last request: 0.000233 seconds.
  path: Assets/Enemy/Enemy_Ghost.png
  artifactKey: Guid(2ceea692c5fbd974cb4b89ac05f202e7) Importer(815301076,1909f56bfc062723c751e8b465ee728b)
Start importing Assets/Enemy/Enemy_Ghost.png using Guid(2ceea692c5fbd974cb4b89ac05f202e7) Importer(815301076,1909f56bfc062723c751e8b465ee728b)  -> (artifact id: '70a6e03b82fc481c199022dc6d26aa91') in 0.017678 seconds 
  Import took 0.021463 seconds .

========================================================================
Received Import Request.
  Time since last request: 0.000224 seconds.
  path: Assets/Enemy/EnemyDonut.gif
  artifactKey: Guid(87beb43f8723be140b239cd86bf38211) Importer(815301076,1909f56bfc062723c751e8b465ee728b)
Start importing Assets/Enemy/EnemyDonut.gif using Guid(87beb43f8723be140b239cd86bf38211) Importer(815301076,1909f56bfc062723c751e8b465ee728b)  -> (artifact id: 'cb9cbeb31a155b989d4aa0bdf19222bc') in 0.022231 seconds 
  Import took 0.025485 seconds .

========================================================================
Received Import Request.
  Time since last request: 0.000200 seconds.
  path: Assets/Enemy/TMTC_burger-Sheet.png
  artifactKey: Guid(dcf5f3fa5f3a058469831b9e3d1b080c) Importer(815301076,1909f56bfc062723c751e8b465ee728b)
Start importing Assets/Enemy/TMTC_burger-Sheet.png using Guid(dcf5f3fa5f3a058469831b9e3d1b080c) Importer(815301076,1909f56bfc062723c751e8b465ee728b)  -> (artifact id: '979b2809ab4e9ccf1c2a5e9267dc3922') in 0.025805 seconds 
  Import took 0.029109 seconds .

========================================================================
Received Import Request.
  Time since last request: 5.615827 seconds.
  path: Assets/Scripts/Pellet.cs
  artifactKey: Guid(540af70888f65264f943197723b3d171) Importer(815301076,1909f56bfc062723c751e8b465ee728b)
Start importing Assets/Scripts/Pellet.cs using Guid(540af70888f65264f943197723b3d171) Importer(815301076,1909f56bfc062723c751e8b465ee728b)  -> (artifact id: '0d113e253a2fb461b8c47edf1c81b3c1') in 0.010424 seconds 
  Import took 0.014204 seconds .

========================================================================
Received Import Request.
  Time since last request: 412.671402 seconds.
  path: Assets/Scripts/Score.cs
  artifactKey: Guid(d9879456a17daee41a1ece4fc81fc753) Importer(815301076,1909f56bfc062723c751e8b465ee728b)
Start importing Assets/Scripts/Score.cs using Guid(d9879456a17daee41a1ece4fc81fc753) Importer(815301076,1909f56bfc062723c751e8b465ee728b)  -> (artifact id: 'ec35f7d572bd36442ed21a558228e3ab') in 0.011174 seconds 
  Import took 0.014541 seconds .

========================================================================
Received Import Request.
  Time since last request: 11.454841 seconds.
  path: Assets/Scripts/MainMenu.cs
  artifactKey: Guid(4a584fc56e280ae4aa4eac1999fd5806) Importer(815301076,1909f56bfc062723c751e8b465ee728b)
Start importing Assets/Scripts/MainMenu.cs using Guid(4a584fc56e280ae4aa4eac1999fd5806) Importer(815301076,1909f56bfc062723c751e8b465ee728b)  -> (artifact id: 'f0fc6d7d1886b6ec7607459f90583c52') in 0.007328 seconds 
  Import took 0.010409 seconds .

========================================================================
Received Import Request.
  Time since last request: 0.585168 seconds.
  path: Assets/Scripts/MovementVector.cs
  artifactKey: Guid(9cd6edb71c8ac5043aec732cb64e4b7a) Importer(815301076,1909f56bfc062723c751e8b465ee728b)
Start importing Assets/Scripts/MovementVector.cs using Guid(9cd6edb71c8ac5043aec732cb64e4b7a) Importer(815301076,1909f56bfc062723c751e8b465ee728b)  -> (artifact id: '83547de64763c36c70028f34af1f8bc0') in 0.007328 seconds 
  Import took 0.010497 seconds .

========================================================================
Received Import Request.
  Time since last request: 0.536466 seconds.
  path: Assets/Scripts/Spawner.cs
  artifactKey: Guid(d8b3577067ba8d64d9fd958a5f85f3a2) Importer(815301076,1909f56bfc062723c751e8b465ee728b)
Start importing Assets/Scripts/Spawner.cs using Guid(d8b3577067ba8d64d9fd958a5f85f3a2) Importer(815301076,1909f56bfc062723c751e8b465ee728b)  -> (artifact id: 'b942dc19b61406b521d46636f0ba6680') in 0.007585 seconds 
  Import took 0.010661 seconds .

========================================================================
Received Import Request.
  Time since last request: 12.095662 seconds.
  path: Assets/Scripts/Scroll.cs
  artifactKey: Guid(fe5d6c021d1e827429e79435c54a8f27) Importer(815301076,1909f56bfc062723c751e8b465ee728b)
Start importing Assets/Scripts/Scroll.cs using Guid(fe5d6c021d1e827429e79435c54a8f27) Importer(815301076,1909f56bfc062723c751e8b465ee728b)  -> (artifact id: 'dd5fef83921500be860a920066b45b63') in 0.007472 seconds 
  Import took 0.010596 seconds .

